<?xml version="1.0" encoding="UTF-8"?>
<!-- Generated by org.testng.reporters.JUnitReportReporter -->
<testsuite hostname="Nuvobook_V1" failures="0" tests="1" name="WEB_APPS.web_apps_masai" time="14.421" errors="0" timestamp="2024-05-03T10:25:04 IST" skipped="0">
  <testcase classname="WEB_APPS.web_apps_masai" name="test" time="14.421"/>
  <system-out/>
</testsuite> <!-- WEB_APPS.web_apps_masai -->
