<?xml version="1.0" encoding="UTF-8"?>
<!-- Generated by org.testng.reporters.JUnitReportReporter -->
<testsuite hostname="Nuvobook_V1" failures="0" tests="1" name="APK_test2.APK_TEST_" time="43.006" errors="0" timestamp="2024-04-30T17:19:06 IST" skipped="0">
  <testcase classname="APK_test2.APK_TEST_" name="test1" time="43.006"/>
  <system-out/>
</testsuite> <!-- APK_test2.APK_TEST_ -->
