<?xml version="1.0" encoding="UTF-8"?>
<!-- Generated by org.testng.reporters.JUnitReportReporter -->
<testsuite hostname="Nuvobook_V1" failures="0" tests="6" name="Apk_test.Apk_Test" time="38.148" errors="0" timestamp="2024-04-29T16:28:04 IST" skipped="5">
  <testcase classname="Apk_test.Apk_Test" name="messegages" time="38.148"/>
  <system-out/>
  <testcase classname="Apk_test.Apk_Test" name="view">
    <skipped/>
  </testcase> <!-- view -->
  <system-out/>
  <testcase classname="Apk_test.Apk_Test" name="test">
    <skipped/>
  </testcase> <!-- test -->
  <system-out/>
  <testcase classname="Apk_test.Apk_Test" name="notification">
    <skipped/>
  </testcase> <!-- notification -->
  <system-out/>
  <testcase classname="Apk_test.Apk_Test" name="views">
    <skipped/>
  </testcase> <!-- views -->
  <system-out/>
  <testcase classname="Apk_test.Apk_Test" name="dragAndDrop2">
    <skipped/>
  </testcase> <!-- dragAndDrop2 -->
  <system-out/>
</testsuite> <!-- Apk_test.Apk_Test -->
